<?xml version="1.0" encoding="UTF-8"?>
<testng-results total="2" passed="2" failed="0" skipped="0">
  <reporter-output>
  </reporter-output>
  <suite started-at="2024-09-23T18:06:23Z" name="Test Suite for Scrapper" finished-at="2024-09-23T18:07:17Z" duration-ms="54029">
    <groups>
    </groups>
    <test started-at="2024-09-23T18:06:23Z" name="Test Cases for Scrapper" finished-at="2024-09-23T18:07:17Z" duration-ms="54029">
      <class name="demo.TestCases">
        <test-method is-config="true" signature="startBrowser()[pri:0, instance:demo.TestCases@1a45193b]" started-at="2024-09-23T23:36:23Z" name="startBrowser" finished-at="2024-09-23T23:36:26Z" duration-ms="3467" status="PASS">
          <reporter-output>
          </reporter-output>
        </test-method> <!-- startBrowser -->
        <test-method signature="testCase01()[pri:1, instance:demo.TestCases@1a45193b]" started-at="2024-09-23T23:36:26Z" name="testCase01" description="Test scraping Hockey team data" finished-at="2024-09-23T23:36:56Z" duration-ms="30072" status="PASS">
          <reporter-output>
          </reporter-output>
        </test-method> <!-- testCase01 -->
        <test-method signature="testCase02()[pri:2, instance:demo.TestCases@1a45193b]" started-at="2024-09-23T23:36:56Z" name="testCase02" description="Test scraping Oscar movie data" finished-at="2024-09-23T23:37:16Z" duration-ms="19656" status="PASS">
          <reporter-output>
          </reporter-output>
        </test-method> <!-- testCase02 -->
        <test-method is-config="true" signature="endTest()[pri:0, instance:demo.TestCases@1a45193b]" started-at="2024-09-23T23:37:16Z" name="endTest" finished-at="2024-09-23T23:37:17Z" duration-ms="822" status="PASS">
          <reporter-output>
          </reporter-output>
        </test-method> <!-- endTest -->
      </class> <!-- demo.TestCases -->
    </test> <!-- Test Cases for Scrapper -->
  </suite> <!-- Test Suite for Scrapper -->
</testng-results>
